<?xml version="1.0" encoding="UTF-8"?><testsuite errors="1" failures="0" name="Inicio de sesion" skipped="0" tests="1" time="18.35" timestamp="2022-02-23 06:30:56"><testcase name="inicio de sesion valido"><error message="no such element: Unable to locate element: {&quot;method&quot;:&quot;xpath&quot;,&quot;selector&quot;:&quot;.//*[contains(@class,&quot;page-title&quot;)]&quot;}&#10;  (Session info: chrome=98.0.4758.102)&#10;For documentation on this error, please visit: https://www.seleniumhq.org/exceptions/no_such_element.html&#10;Build info: version: '3.141.59', revision: 'e82be7d358', time: '2018-11-14T08:17:03'&#10;System info: host: 'PSOFKA0727', ip: '192.168.0.7', os.name: 'Windows 10', os.arch: 'amd64', os.version: '10.0', java.version: '11.0.13'&#10;Driver info: org.openqa.selenium.chrome.ChromeDriver&#10;Capabilities {acceptInsecureCerts: false, browserName: chrome, browserVersion: 98.0.4758.102, chrome: {chromedriverVersion: 98.0.4758.102 (273bf7ac8c90..., userDataDir: C:\Users\CLAUDI~1\AppData\L...}, goog:chromeOptions: {debuggerAddress: localhost:49298}, javascriptEnabled: true, networkConnectionEnabled: false, pageLoadStrategy: normal, platform: WINDOWS, platformName: WINDOWS, proxy: Proxy(), setWindowRect: true, strictFileInteractability: false, timeouts: {implicit: 0, pageLoad: 300000, script: 30000}, unhandledPromptBehavior: dismiss and notify, webauthn:extension:credBlob: true, webauthn:extension:largeBlob: true, webauthn:virtualAuthenticators: true}&#10;Session ID: 10e94a0b624d32fe4af9954db5e0f435&#10;*** Element info: {Using=xpath, value=.//*[contains(@class,&quot;page-title&quot;)]}" type="java.lang.AssertionError">no such element: Unable to locate element: {"method":"xpath","selector":".//*[contains(@class,"page-title")]"}
  (Session info: chrome=98.0.4758.102)
For documentation on this error, please visit: https://www.seleniumhq.org/exceptions/no_such_element.html
Build info: version: '3.141.59', revision: 'e82be7d358', time: '2018-11-14T08:17:03'
System info: host: 'PSOFKA0727', ip: '192.168.0.7', os.name: 'Windows 10', os.arch: 'amd64', os.version: '10.0', java.version: '11.0.13'
Driver info: org.openqa.selenium.chrome.ChromeDriver
Capabilities {acceptInsecureCerts: false, browserName: chrome, browserVersion: 98.0.4758.102, chrome: {chromedriverVersion: 98.0.4758.102 (273bf7ac8c90..., userDataDir: C:\Users\CLAUDI~1\AppData\L...}, goog:chromeOptions: {debuggerAddress: localhost:49298}, javascriptEnabled: true, networkConnectionEnabled: false, pageLoadStrategy: normal, platform: WINDOWS, platformName: WINDOWS, proxy: Proxy(), setWindowRect: true, strictFileInteractability: false, timeouts: {implicit: 0, pageLoad: 300000, script: 30000}, unhandledPromptBehavior: dismiss and notify, webauthn:extension:credBlob: true, webauthn:extension:largeBlob: true, webauthn:virtualAuthenticators: true}
Session ID: 10e94a0b624d32fe4af9954db5e0f435
*** Element info: {Using=xpath, value=.//*[contains(@class,"page-title")]}</error><system-err>no such element: Unable to locate element: {"method":"xpath","selector":".//*[contains(@class,"page-title")]"}
  (Session info: chrome=98.0.4758.102)
For documentation on this error, please visit: https://www.seleniumhq.org/exceptions/no_such_element.html
Build info: version: '3.141.59', revision: 'e82be7d358', time: '2018-11-14T08:17:03'
System info: host: 'PSOFKA0727', ip: '192.168.0.7', os.name: 'Windows 10', os.arch: 'amd64', os.version: '10.0', java.version: '11.0.13'
Driver info: org.openqa.selenium.chrome.ChromeDriver
Capabilities {acceptInsecureCerts: false, browserName: chrome, browserVersion: 98.0.4758.102, chrome: {chromedriverVersion: 98.0.4758.102 (273bf7ac8c90..., userDataDir: C:\Users\CLAUDI~1\AppData\L...}, goog:chromeOptions: {debuggerAddress: localhost:49298}, javascriptEnabled: true, networkConnectionEnabled: false, pageLoadStrategy: normal, platform: WINDOWS, platformName: WINDOWS, proxy: Proxy(), setWindowRect: true, strictFileInteractability: false, timeouts: {implicit: 0, pageLoad: 300000, script: 30000}, unhandledPromptBehavior: dismiss and notify, webauthn:extension:credBlob: true, webauthn:extension:largeBlob: true, webauthn:virtualAuthenticators: true}
Session ID: 10e94a0b624d32fe4af9954db5e0f435
*** Element info: {Using=xpath, value=.//*[contains(@class,"page-title")]}&#13;
qa.hibot.stepdefinitions.iniciarsesion.IniciarSesionStepdefinition.la_pagina_le_debe_mostrar_las_novedades_de_la_app(IniciarSesionStepdefinition.java:55)&#13;
✽.la pagina le debe mostrar las novedades de la app(file:///D:/EnsayosProyectos/RepasoScreenplayWeb/src/test/resources/features/iniciarsesion/iniciarsesion.feature:14)&#13;
</system-err></testcase></testsuite>